This is pdfTeX, Version 3.14159265-2.6-1.40.21 (TeX Live 2020) (preloaded format=pdflatex 2020.5.21)  2 MAR 2021 09:16
entering extended mode
 restricted \write18 enabled.
 file:line:error style messages enabled.
 %&-line parsing enabled.
**README.md
(./README.md
LaTeX2e <2020-02-02> patch level 5
L3 programming layer <2020-03-06>
./README.md:1: You can't use `macro parameter character #' in vertical mode.
l.1 #
      DeepRec
? 
./README.md:1: Emergency stop.
l.1 #
      DeepRec
End of file on the terminal!

 
Here is how much of TeX's memory you used:
 17 strings out of 480608
 379 string characters out of 5903630
 239610 words of memory out of 5000000
 16009 multiletter control sequences out of 15000+600000
 532338 words of font info for 24 fonts, out of 8000000 for 9000
 1141 hyphenation exceptions out of 8191
 12i,0n,15p,50b,8s stack positions out of 5000i,500n,10000p,200000b,80000s
./README.md:1:  ==> Fatal error occurred, no output PDF file produced!
